{"name": "客户数量测试", "status": "broken", "statusDetails": {"message": "Exception: 该元素在10秒内未在页面上找到，请通过截图检查", "trace": "self = <test_ch_home.TestHome object at 0x000001D39BA653A0>\n\n    @allure.feature(feature)\n    @allure.story('客户')  # 用例模块\n    @allure.description('滑动到客户部分，查看客户数量是否变为100+')  # 用例描述\n    @allure.title('客户数量测试')  # 用例标题\n    def test_customer_1(self):\n>       self.home.scroll_to_title3()\n\nrun_case\\ch\\test_ch_home.py:229: \n_ _ _ _ _ _ _ _ _ _ _ _ _ _ _ _ _ _ _ _ _ _ _ _ _ _ _ _ _ _ _ _ _ _ _ _ _ _ _ _\npageModule\\ch\\ch_home.py:247: in scroll_to_title3\n    tool.scroll_to_element(self.driver, tool.wait_ele_be_founded(self.driver, 10, *self.title3))\nutils\\TestTool.py:67: in wait_ele_be_founded\n    raise_and_screen(driver, '该元素在%s秒内未在页面上找到，请通过截图检查' % timeout)\n_ _ _ _ _ _ _ _ _ _ _ _ _ _ _ _ _ _ _ _ _ _ _ _ _ _ _ _ _ _ _ _ _ _ _ _ _ _ _ _\n\ndriver = <selenium.webdriver.chrome.webdriver.WebDriver (session=\"b83ad048b8bce27e0db6962afb61818b\")>\nmsg = '该元素在10秒内未在页面上找到，请通过截图检查'\n\n    def raise_and_screen(driver, msg):\n        \"\"\"\n        抛出异常并截图\n        :param driver: 驱动\n        :param msg: 异常信息\n        :return:\n        \"\"\"\n        get_allure_screen_shoot(driver, '异常截图')\n>       raise Exception(msg)\nE       Exception: 该元素在10秒内未在页面上找到，请通过截图检查\n\nutils\\TestTool.py:155: Exception"}, "description": "滑动到客户部分，查看客户数量是否变为100+", "attachments": [{"name": "异常截图", "source": "098fafbf-9343-4056-bcc4-d8c804c85e27-attachment.png", "type": "image/png"}], "start": 1684393815273, "stop": 1684393826521, "uuid": "6115f387-8728-499e-8e27-06238d3fa82a", "historyId": "77e808fd4528da59c60003d60e912af7", "testCaseId": "e59ddf57446308fd35bd0657711b31b3", "fullName": "run_case.ch.test_ch_home.TestHome#test_customer_1", "labels": [{"name": "feature", "value": "首页-中文"}, {"name": "story", "value": "客户"}, {"name": "parentSuite", "value": "run_case.ch"}, {"name": "suite", "value": "test_ch_home"}, {"name": "subSuite", "value": "TestHome"}, {"name": "host", "value": "LAPTOP-G2CLJ7MI"}, {"name": "thread", "value": "26032-MainThread"}, {"name": "framework", "value": "pytest"}, {"name": "language", "value": "cpython3"}, {"name": "package", "value": "run_case.ch.test_ch_home"}]}