{"name": "产品自动化质检按钮点击跳转测试", "status": "broken", "statusDetails": {"message": "Exception: 该元素在10秒内未在页面上找到，请通过截图检查", "trace": "self = <test_ch_home.TestHome object at 0x000001B8B2B1F7F0>\n\n    @allure.feature(feature)\n    @allure.story('产品功能')  # 用例模块\n    @allure.description('点击产品自动化质检按钮，测试轮播图是否正常跳转')  # 用例描述\n    @allure.title('产品自动化质检按钮点击跳转测试')  # 用例标题\n    def test_realize_2(self):\n>       self.home.scroll_to_title1()\n\nrun_case\\ch\\test_ch_home.py:135: \n_ _ _ _ _ _ _ _ _ _ _ _ _ _ _ _ _ _ _ _ _ _ _ _ _ _ _ _ _ _ _ _ _ _ _ _ _ _ _ _\npageModule\\ch\\ch_home.py:106: in scroll_to_title1\n    tool.scroll_to_element(self.driver, tool.wait_ele_be_founded(self.driver, 10, *self.title1))\nutils\\TestTool.py:67: in wait_ele_be_founded\n    raise_and_screen(driver, '该元素在%s秒内未在页面上找到，请通过截图检查' % timeout)\n_ _ _ _ _ _ _ _ _ _ _ _ _ _ _ _ _ _ _ _ _ _ _ _ _ _ _ _ _ _ _ _ _ _ _ _ _ _ _ _\n\ndriver = <selenium.webdriver.chrome.webdriver.WebDriver (session=\"1d4d0a92270f78390f67618ee23e36b7\")>\nmsg = '该元素在10秒内未在页面上找到，请通过截图检查'\n\n    def raise_and_screen(driver, msg):\n        \"\"\"\n        抛出异常并截图\n        :param driver: 驱动\n        :param msg: 异常信息\n        :return:\n        \"\"\"\n        get_allure_screen_shoot(driver, '异常截图')\n>       raise Exception(msg)\nE       Exception: 该元素在10秒内未在页面上找到，请通过截图检查\n\nutils\\TestTool.py:155: Exception"}, "description": "点击产品自动化质检按钮，测试轮播图是否正常跳转", "attachments": [{"name": "异常截图", "source": "1deebfcc-6e0c-4f10-b27b-a92b82256032-attachment.png", "type": "image/png"}], "start": 1684393804054, "stop": 1684393815091, "uuid": "21faea3a-457b-4e5a-8ccc-38da995a232c", "historyId": "43a2a50940556ba522739812ac242375", "testCaseId": "ad3918ea09358b5b45f28bad1df82865", "fullName": "run_case.ch.test_ch_home.TestHome#test_realize_2", "labels": [{"name": "story", "value": "产品功能"}, {"name": "feature", "value": "首页-中文"}, {"name": "parentSuite", "value": "run_case.ch"}, {"name": "suite", "value": "test_ch_home"}, {"name": "subSuite", "value": "TestHome"}, {"name": "host", "value": "LAPTOP-G2CLJ7MI"}, {"name": "thread", "value": "28652-MainThread"}, {"name": "framework", "value": "pytest"}, {"name": "language", "value": "cpython3"}, {"name": "package", "value": "run_case.ch.test_ch_home"}]}