{"name": "向右切换按钮测试", "status": "broken", "statusDetails": {"message": "Exception: 该元素在10秒内未在页面上找到，请通过截图检查", "trace": "self = <test_ch_home.TestHome object at 0x000001B8B2B1FEB0>\n\n    @allure.feature(feature)\n    @allure.story('产品特点')  # 用例模块\n    @allure.description('点击向右切换按钮，测试切换卡片是否正常')  # 用例描述\n    @allure.title('向右切换按钮测试')  # 用例标题\n    def test_special_1(self):\n>       self.home.scroll_to_title2()\n\nrun_case\\ch\\test_ch_home.py:185: \n_ _ _ _ _ _ _ _ _ _ _ _ _ _ _ _ _ _ _ _ _ _ _ _ _ _ _ _ _ _ _ _ _ _ _ _ _ _ _ _\npageModule\\ch\\ch_home.py:185: in scroll_to_title2\n    tool.scroll_to_element(self.driver, tool.wait_ele_be_founded(self.driver, 10, *self.title2))\nutils\\TestTool.py:67: in wait_ele_be_founded\n    raise_and_screen(driver, '该元素在%s秒内未在页面上找到，请通过截图检查' % timeout)\n_ _ _ _ _ _ _ _ _ _ _ _ _ _ _ _ _ _ _ _ _ _ _ _ _ _ _ _ _ _ _ _ _ _ _ _ _ _ _ _\n\ndriver = <selenium.webdriver.chrome.webdriver.WebDriver (session=\"1d4d0a92270f78390f67618ee23e36b7\")>\nmsg = '该元素在10秒内未在页面上找到，请通过截图检查'\n\n    def raise_and_screen(driver, msg):\n        \"\"\"\n        抛出异常并截图\n        :param driver: 驱动\n        :param msg: 异常信息\n        :return:\n        \"\"\"\n        get_allure_screen_shoot(driver, '异常截图')\n>       raise Exception(msg)\nE       Exception: 该元素在10秒内未在页面上找到，请通过截图检查\n\nutils\\TestTool.py:155: Exception"}, "description": "点击向右切换按钮，测试切换卡片是否正常", "attachments": [{"name": "异常截图", "source": "d1df211b-4603-4127-8181-b819105d2d73-attachment.png", "type": "image/png"}], "start": 1684393848247, "stop": 1684393859282, "uuid": "a4dd6cac-5605-4aba-ad17-fbe99687b448", "historyId": "bb41a1e2f409e5049400f2cba2454563", "testCaseId": "8f60804ff8face85b49b617395190bed", "fullName": "run_case.ch.test_ch_home.TestHome#test_special_1", "labels": [{"name": "story", "value": "产品特点"}, {"name": "feature", "value": "首页-中文"}, {"name": "parentSuite", "value": "run_case.ch"}, {"name": "suite", "value": "test_ch_home"}, {"name": "subSuite", "value": "TestHome"}, {"name": "host", "value": "LAPTOP-G2CLJ7MI"}, {"name": "thread", "value": "28652-MainThread"}, {"name": "framework", "value": "pytest"}, {"name": "language", "value": "cpython3"}, {"name": "package", "value": "run_case.ch.test_ch_home"}]}